*** Starting uWSGI 2.0.18 (64bit) on [Thu Oct 10 18:05:57 2019] ***
compiled with version: 7.4.0 on 10 October 2019 10:02:21
os: Linux-4.15.0-52-generic #56-Ubuntu SMP Tue Jun 4 22:49:08 UTC 2019
nodename: acarepro-dev
machine: x86_64
clock source: unix
detected number of CPU cores: 4
current working directory: /root/ACAREPRO_backend/flask-acarepro
detected binary path: /usr/local/bin/uwsgi
!!! no internal routing support, rebuild with pcre support !!!
uWSGI running as root, you can use --uid/--gid/--chroot options
*** WARNING: you are running uWSGI as root !!! (use the --uid flag) *** 
chdir() to /root/ACAREPRO_backend/flask-acarepro
your processes number limit is 31659
your memory page size is 4096 bytes
detected max file descriptor number: 65535
lock engine: pthread robust mutexes
thunder lock: disabled (you can enable it with --thunder-lock)
probably another instance of uWSGI is running on the same address (0.0.0.0:5000).
bind(): Address already in use [core/socket.c line 769]
*** Starting uWSGI 2.0.18 (64bit) on [Thu Oct 10 18:06:47 2019] ***
compiled with version: 7.4.0 on 10 October 2019 10:02:21
os: Linux-4.15.0-52-generic #56-Ubuntu SMP Tue Jun 4 22:49:08 UTC 2019
nodename: acarepro-dev
machine: x86_64
clock source: unix
detected number of CPU cores: 4
current working directory: /root/ACAREPRO_backend/flask-acarepro
detected binary path: /usr/local/bin/uwsgi
!!! no internal routing support, rebuild with pcre support !!!
uWSGI running as root, you can use --uid/--gid/--chroot options
*** WARNING: you are running uWSGI as root !!! (use the --uid flag) *** 
chdir() to /root/ACAREPRO_backend/flask-acarepro
your processes number limit is 31659
your memory page size is 4096 bytes
detected max file descriptor number: 65535
lock engine: pthread robust mutexes
thunder lock: disabled (you can enable it with --thunder-lock)
uWSGI http bound on 0.0.0.0:5000 fd 4
uwsgi socket 0 bound to TCP address 127.0.0.1:43163 (port auto-assigned) fd 3
uWSGI running as root, you can use --uid/--gid/--chroot options
*** WARNING: you are running uWSGI as root !!! (use the --uid flag) *** 
Python version: 3.6.8 (default, Oct  7 2019, 12:59:55)  [GCC 8.3.0]
*** Python threads support is disabled. You can enable it with --enable-threads ***
Python main interpreter initialized at 0x563d4f2a5310
uWSGI running as root, you can use --uid/--gid/--chroot options
*** WARNING: you are running uWSGI as root !!! (use the --uid flag) *** 
your server socket listen backlog is limited to 100 connections
your mercy for graceful operations on workers is 60 seconds
mapped 291616 bytes (284 KB) for 3 cores
*** Operational MODE: preforking ***
unable to load app 0 (mountpoint='') (callable not found or import error)
*** no app loaded. going in full dynamic mode ***
uWSGI running as root, you can use --uid/--gid/--chroot options
*** WARNING: you are running uWSGI as root !!! (use the --uid flag) *** 
spawned uWSGI master process (pid: 9641)
spawned uWSGI worker 1 (pid: 9644, cores: 1)
spawned uWSGI worker 2 (pid: 9645, cores: 1)
spawned uWSGI worker 3 (pid: 9646, cores: 1)
spawned uWSGI http 1 (pid: 9647)
SIGINT/SIGQUIT received...killing workers...
gateway "uWSGI http 1" has been buried (pid: 9647)
worker 1 buried after 1 seconds
worker 2 buried after 1 seconds
worker 3 buried after 1 seconds
goodbye to uWSGI.
*** Starting uWSGI 2.0.18 (64bit) on [Thu Oct 10 18:07:53 2019] ***
compiled with version: 7.4.0 on 10 October 2019 10:02:21
os: Linux-4.15.0-52-generic #56-Ubuntu SMP Tue Jun 4 22:49:08 UTC 2019
nodename: acarepro-dev
machine: x86_64
clock source: unix
detected number of CPU cores: 4
current working directory: /root/ACAREPRO_backend/flask-acarepro
detected binary path: /usr/local/bin/uwsgi
!!! no internal routing support, rebuild with pcre support !!!
uWSGI running as root, you can use --uid/--gid/--chroot options
*** WARNING: you are running uWSGI as root !!! (use the --uid flag) *** 
chdir() to /root/ACAREPRO_backend/flask-acarepro
your processes number limit is 31659
your memory page size is 4096 bytes
detected max file descriptor number: 65535
lock engine: pthread robust mutexes
thunder lock: disabled (you can enable it with --thunder-lock)
uWSGI http bound on 0.0.0.0:5000 fd 4
uwsgi socket 0 bound to TCP address 127.0.0.1:42973 (port auto-assigned) fd 3
uWSGI running as root, you can use --uid/--gid/--chroot options
*** WARNING: you are running uWSGI as root !!! (use the --uid flag) *** 
Python version: 3.6.8 (default, Oct  7 2019, 12:59:55)  [GCC 8.3.0]
*** Python threads support is disabled. You can enable it with --enable-threads ***
Python main interpreter initialized at 0x5580f8063390
uWSGI running as root, you can use --uid/--gid/--chroot options
*** WARNING: you are running uWSGI as root !!! (use the --uid flag) *** 
your server socket listen backlog is limited to 100 connections
your mercy for graceful operations on workers is 60 seconds
mapped 291616 bytes (284 KB) for 3 cores
*** Operational MODE: preforking ***
unable to load app 0 (mountpoint='') (callable not found or import error)
*** no app loaded. going in full dynamic mode ***
uWSGI running as root, you can use --uid/--gid/--chroot options
*** WARNING: you are running uWSGI as root !!! (use the --uid flag) *** 
spawned uWSGI master process (pid: 9658)
spawned uWSGI worker 1 (pid: 9661, cores: 1)
spawned uWSGI worker 2 (pid: 9662, cores: 1)
spawned uWSGI worker 3 (pid: 9663, cores: 1)
spawned uWSGI http 1 (pid: 9664)
--- no python application found, check your startup logs for errors ---
[pid: 9662|app: -1|req: -1/1] 220.248.45.178 () {40 vars in 560 bytes} [Thu Oct 10 18:08:05 2019] POST /booking/drunk_driver => generated 21 bytes in 0 msecs (HTTP/1.1 500) 2 headers in 83 bytes (0 switches on core 0)
SIGINT/SIGQUIT received...killing workers...
gateway "uWSGI http 1" has been buried (pid: 9664)
worker 1 buried after 1 seconds
worker 2 buried after 1 seconds
worker 3 buried after 1 seconds
goodbye to uWSGI.
